[2025-06-20 17:08:32.667] [INFO ] [125273752983360] EchoServer created on 127.0.0.1:8083
[2025-06-20 17:08:32.667] [INFO ] [125273752983360] Starting EchoServer...
[2025-06-20 17:08:32.667] [INFO ] [125273752983360] Configuration:
[2025-06-20 17:08:32.667] [INFO ] [125273752983360]   Address: 127.0.0.1
[2025-06-20 17:08:32.667] [INFO ] [125273752983360]   Port: 8083
[2025-06-20 17:08:32.667] [INFO ] [125273752983360]   Worker threads: 2
[2025-06-20 17:08:32.667] [INFO ] [125273752983360]   Log level: 1
[2025-06-20 17:08:32.669] [INFO ] [125273752983360] Socket bound to 127.0.0.1:8083
[2025-06-20 17:08:32.669] [INFO ] [125273752983360] Socket listening with backlog: 4096
[2025-06-20 17:08:32.669] [INFO ] [125273745913408] Worker thread started
[2025-06-20 17:08:32.669] [INFO ] [125273745913408] EventLoop started
[2025-06-20 17:08:32.669] [INFO ] [125273752983360] EchoServer started on 127.0.0.1:8083 with 2 worker threads
[2025-06-20 17:08:32.669] [INFO ] [125273752983360] EventLoop started
[2025-06-20 17:08:32.669] [INFO ] [125273737520704] Worker thread started
[2025-06-20 17:08:32.669] [INFO ] [125273737520704] EventLoop started
[2025-06-20 17:08:57.749] [INFO ] [125273752983360] Received signal 2, shutting down server...
[2025-06-20 17:08:57.749] [INFO ] [125273752983360] Stopping EchoServer...
[2025-06-20 17:08:57.749] [INFO ] [125273745913408] EventLoop stopped
[2025-06-20 17:08:57.750] [INFO ] [125273745913408] Worker thread stopped
[2025-06-20 17:08:57.750] [INFO ] [125273737520704] EventLoop stopped
[2025-06-20 17:08:57.750] [INFO ] [125273737520704] Worker thread stopped
[2025-06-20 17:08:57.750] [INFO ] [125273752983360] EchoServer stopped
[2025-06-20 17:08:57.750] [INFO ] [125273752983360] EventLoop stopped
[2025-06-20 17:08:57.750] [INFO ] [125273752983360] EchoServer shutdown complete
[2025-06-20 17:08:57.750] [INFO ] [125273752983360] EchoServer destroyed
[2025-06-20 17:11:49.238] [INFO ] [129369380063040] EchoServer created on 127.0.0.1:8087
[2025-06-20 17:11:49.238] [INFO ] [129369380063040] Starting EchoServer...
[2025-06-20 17:11:49.238] [INFO ] [129369380063040] Configuration:
[2025-06-20 17:11:49.238] [INFO ] [129369380063040]   Address: 127.0.0.1
[2025-06-20 17:11:49.238] [INFO ] [129369380063040]   Port: 8087
[2025-06-20 17:11:49.238] [INFO ] [129369380063040]   Worker threads: 2
[2025-06-20 17:11:49.238] [INFO ] [129369380063040]   Log level: 1
[2025-06-20 17:11:49.243] [INFO ] [129369380063040] Socket bound to 127.0.0.1:8087
[2025-06-20 17:11:49.243] [INFO ] [129369380063040] Socket listening with backlog: 4096
[2025-06-20 17:11:49.243] [INFO ] [129369372620352] Worker thread started
[2025-06-20 17:11:49.243] [INFO ] [129369372620352] EventLoop started
[2025-06-20 17:11:49.243] [INFO ] [129369380063040] EchoServer started on 127.0.0.1:8087 with 2 worker threads
[2025-06-20 17:11:49.243] [INFO ] [129369380063040] EventLoop started
[2025-06-20 17:11:49.244] [INFO ] [129369364227648] Worker thread started
[2025-06-20 17:11:49.244] [INFO ] [129369364227648] EventLoop started
[2025-06-20 17:12:14.837] [INFO ] [129369380063040] Received signal 2, shutting down server...
[2025-06-20 17:12:14.837] [INFO ] [129369380063040] Stopping EchoServer...
[2025-06-20 17:12:14.837] [INFO ] [129369372620352] EventLoop stopped
[2025-06-20 17:12:14.837] [INFO ] [129369372620352] Worker thread stopped
[2025-06-20 17:12:14.837] [INFO ] [129369364227648] EventLoop stopped
[2025-06-20 17:12:14.837] [INFO ] [129369364227648] Worker thread stopped
[2025-06-20 17:12:14.837] [INFO ] [129369380063040] EchoServer stopped
[2025-06-20 17:12:14.837] [INFO ] [129369380063040] EventLoop stopped
[2025-06-20 17:12:14.837] [INFO ] [129369380063040] EchoServer shutdown complete
[2025-06-20 17:12:14.837] [INFO ] [129369380063040] EchoServer destroyed
